[debug] [2020-06-15T20:34:09.237Z] ----------------------------------------------------------------------
[debug] [2020-06-15T20:34:09.238Z] Command:       /Users/andrewyoung/.nvm/versions/node/v8.17.0/bin/node /Users/andrewyoung/.nvm/versions/node/v8.17.0/bin/firebase functions:shell
[debug] [2020-06-15T20:34:09.239Z] CLI Version:   8.4.2
[debug] [2020-06-15T20:34:09.239Z] Platform:      darwin
[debug] [2020-06-15T20:34:09.239Z] Node Version:  v8.17.0
[debug] [2020-06-15T20:34:09.239Z] Time:          Mon Jun 15 2020 15:34:09 GMT-0500 (CDT)
[debug] [2020-06-15T20:34:09.239Z] ----------------------------------------------------------------------
[debug] [2020-06-15T20:34:09.240Z] 
[debug] [2020-06-15T20:34:09.245Z] > command requires scopes: ["email","openid","https://www.googleapis.com/auth/cloudplatformprojects.readonly","https://www.googleapis.com/auth/firebase","https://www.googleapis.com/auth/cloud-platform"]
[debug] [2020-06-15T20:34:09.245Z] > authorizing via signed-in user
[debug] [2020-06-15T20:34:09.245Z] [iam] checking project repurpose-e523f for permissions ["firebase.projects.get"]
[debug] [2020-06-15T20:34:09.247Z] > refreshing access token with scopes: ["email","https://www.googleapis.com/auth/cloud-platform","https://www.googleapis.com/auth/cloudplatformprojects.readonly","https://www.googleapis.com/auth/firebase","openid"]
[debug] [2020-06-15T20:34:09.247Z] >>> HTTP REQUEST POST https://www.googleapis.com/oauth2/v3/token  
 <request body omitted>
[debug] [2020-06-15T20:34:09.470Z] <<< HTTP RESPONSE 200 {"content-type":"application/json; charset=utf-8","vary":"X-Origin, Referer, Origin,Accept-Encoding","date":"Mon, 15 Jun 2020 20:34:09 GMT","server":"scaffolding on HTTPServer2","cache-control":"private","x-xss-protection":"0","x-frame-options":"SAMEORIGIN","x-content-type-options":"nosniff","alt-svc":"h3-27=\":443\"; ma=2592000,h3-25=\":443\"; ma=2592000,h3-T050=\":443\"; ma=2592000,h3-Q050=\":443\"; ma=2592000,h3-Q049=\":443\"; ma=2592000,h3-Q048=\":443\"; ma=2592000,h3-Q046=\":443\"; ma=2592000,h3-Q043=\":443\"; ma=2592000,quic=\":443\"; ma=2592000; v=\"46,43\"","accept-ranges":"none","transfer-encoding":"chunked"}
[debug] [2020-06-15T20:34:09.481Z] >>> HTTP REQUEST POST https://cloudresourcemanager.googleapis.com/v1/projects/repurpose-e523f:testIamPermissions  
 {"permissions":["firebase.projects.get"]}
[debug] [2020-06-15T20:34:09.720Z] <<< HTTP RESPONSE 200 {"content-type":"application/json; charset=UTF-8","vary":"X-Origin, Referer, Origin,Accept-Encoding","date":"Mon, 15 Jun 2020 20:34:09 GMT","server":"ESF","cache-control":"private","x-xss-protection":"0","x-frame-options":"SAMEORIGIN","x-content-type-options":"nosniff","server-timing":"gfet4t7; dur=81","alt-svc":"h3-27=\":443\"; ma=2592000,h3-25=\":443\"; ma=2592000,h3-T050=\":443\"; ma=2592000,h3-Q050=\":443\"; ma=2592000,h3-Q049=\":443\"; ma=2592000,h3-Q048=\":443\"; ma=2592000,h3-Q046=\":443\"; ma=2592000,h3-Q043=\":443\"; ma=2592000,quic=\":443\"; ma=2592000; v=\"46,43\"","accept-ranges":"none","transfer-encoding":"chunked"}
[debug] [2020-06-15T20:34:09.733Z] [functions] Using node@8 from host.
[debug] [2020-06-15T20:34:09.742Z] [functions] Watching "/Users/andrewyoung/repurpose/functions" for Cloud Functions...
[debug] [2020-06-15T20:34:09.750Z] DEBUG: [worker-pool] addWorker(~diagnostic~)
[debug] [2020-06-15T20:34:09.750Z] DEBUG: [worker-pool] Adding worker with key ~diagnostic~, total=1
[debug] [2020-06-15T20:34:09.751Z] DEBUG: [worker-pool] submitWork(triggerId=)
[debug] [2020-06-15T20:34:09.751Z] DEBUG: [worker-~diagnostic~-35449ff9-ee51-414e-8ba7-acecb43436b2]: Assigning socketPath: /var/folders/_0/g68g3n0d28vck1btdhvstc1w0000gn/T/fire_emu_43639.sock
[debug] [2020-06-15T20:34:09.751Z] DEBUG: [worker-~diagnostic~-35449ff9-ee51-414e-8ba7-acecb43436b2]: BUSY
[debug] [2020-06-15T20:34:10.026Z] DEBUG: [runtime-status] [43639] Functions runtime initialized. {"cwd":"/Users/andrewyoung/repurpose/functions","node_version":"8.17.0"}
[debug] [2020-06-15T20:34:10.035Z] DEBUG: [runtime-status] [43639] Disabled runtime features: undefined
[debug] [2020-06-15T20:34:10.036Z] DEBUG: [runtime-status] [43639] Resolved module firebase-admin {"declared":true,"installed":true,"version":"8.10.0","resolution":"/Users/andrewyoung/repurpose/functions/node_modules/firebase-admin/lib/index.js"}
[debug] [2020-06-15T20:34:10.037Z] DEBUG: [runtime-status] [43639] Resolved module firebase-functions {"declared":true,"installed":true,"version":"3.7.0","resolution":"/Users/andrewyoung/repurpose/functions/node_modules/firebase-functions/lib/index.js"}
[debug] [2020-06-15T20:34:10.041Z] DEBUG: [runtime-status] [43639] Outgoing network have been stubbed. [{"name":"http","status":"mocked"},{"name":"http","status":"mocked"},{"name":"https","status":"mocked"},{"name":"https","status":"mocked"},{"name":"net","status":"mocked"}]
[debug] [2020-06-15T20:34:10.041Z] DEBUG: [runtime-status] [43639] Resolved module firebase-functions {"declared":true,"installed":true,"version":"3.7.0","resolution":"/Users/andrewyoung/repurpose/functions/node_modules/firebase-functions/lib/index.js"}
[debug] [2020-06-15T20:34:10.075Z] DEBUG: [runtime-status] [43639] Checked functions.config() {"config":{}}
[debug] [2020-06-15T20:34:10.075Z] DEBUG: [runtime-status] [43639] firebase-functions has been stubbed. {"functionsResolution":{"declared":true,"installed":true,"version":"3.7.0","resolution":"/Users/andrewyoung/repurpose/functions/node_modules/firebase-functions/lib/index.js"}}
[debug] [2020-06-15T20:34:10.076Z] DEBUG: [runtime-status] [43639] Resolved module firebase-functions {"declared":true,"installed":true,"version":"3.7.0","resolution":"/Users/andrewyoung/repurpose/functions/node_modules/firebase-functions/lib/index.js"}
[debug] [2020-06-15T20:34:10.076Z] DEBUG: [runtime-status] [43639] Resolved module firebase-admin {"declared":true,"installed":true,"version":"8.10.0","resolution":"/Users/andrewyoung/repurpose/functions/node_modules/firebase-admin/lib/index.js"}
[debug] [2020-06-15T20:34:10.076Z] DEBUG: [runtime-status] [43639] Resolved module firebase-functions {"declared":true,"installed":true,"version":"3.7.0","resolution":"/Users/andrewyoung/repurpose/functions/node_modules/firebase-functions/lib/index.js"}
[debug] [2020-06-15T20:34:10.077Z] DEBUG: [runtime-status] [43639] firebase-admin has been stubbed. {"adminResolution":{"declared":true,"installed":true,"version":"8.10.0","resolution":"/Users/andrewyoung/repurpose/functions/node_modules/firebase-admin/lib/index.js"}}
[debug] [2020-06-15T20:34:10.419Z] DEBUG: [runtime-status] [43639] initializeApp(DEFAULT) {"credential":{"implicit":false,"projectId":"repurpose-e523f","privateKey":"-----BEGIN PRIVATE KEY-----\nMIIEvQIBADANBgkqhkiG9w0BAQEFAASCBKcwggSjAgEAAoIBAQChRKgU/2adtRp9\nRLnEJKplAahnZ9a32xmlzobIS56tSWjgA502oJrac/pI+QhD5K6QARbJgnfD8LB3\nGKrOKG7Z0JqMHscPv1GpZxVaMsIv+0z9bR2d9tOwMlvh/mN1dHtMIZAAfVs9OqdF\nrb3nNS7a+Pm49s+0HOOIzb0hZ22AO71i4tWOUBJo07qqTUdE3xwUuuRp5E/muJUw\n+wZyodFcKhK0ExvFcJ5Wr43GncICwoGmforM5u6ej6biVTEjt0LnzzhMhnnEB8vJ\nMPeDUGeh/Ic5o+pwcgtXO1Agk/UUTUM9AitPFLRJI1C25IH8CYISTOv+Bx9xS/5R\nd8mzIfHbAgMBAAECggEACQg127s0LZgDjEmJl/Uvv+l4W5ZCvdhdFt66yMQHdpAa\nehVpvDIBikOdnHGqJ1dK+ZC+DHosqAI2d+0fP92e278lsLxWjMi705+M4BjgrFxI\nQxdV5c95qrAfWkhrnJvx/eERVh2vOv4qeSoSbT0ayzPPlK7qEh3eFn7jXVgUF27q\nU1sQGIv/ufeMFmdUl9790tA+g6PWPa+fP9qrHNB+asfT7/NBvhYMXBSFeb7DIATv\nX82po5vfhdGskfo/AtahPleO1WZ4oDDkadwM7+Hh71/u3ftFUNFaan+f1oexYA+w\nN5NFZ8lobneyJNdFy+flw/Wm+L39PvlYVj0lP6rUyQKBgQDUs7qrL0CIrNvbuPCh\nslp88ZfMX6EQzY798B/6YwGhO8CTlIx6BhXKMD1+5HB0L+bqn8Mkgjqx0peKhY4h\nE5v24AkO/ul5VaLyIbhEsOoK/D5R9QWUpPUlcS4onVNRhji/++p1mB9TNQVWi7sX\n1jMGDA1DkbaCJtYd/17wffO8aQKBgQDCGJ6YqnLfAA4vgIUQek9/Pg3VaBSYXuHl\nrv05gFOgXMtebZeZ8mxE0JAChR7FasssIAMaCoqKlY3ckd3V2sbLfebKNVsFVkLF\nuW7yyHBZJGjbndAlu/UxO97AEdgzs2OwZVxpBpXz1NB7gjWuIxHBiRi1wHcdWIH9\ngNPfC2XDowKBgDyT54EjlwSV/pPoaxgSPLVC9VGulqe7c5MdFW5xTiCGbQVbFFsY\napJIBOuj0ec1UVXXJHO8Z00HxkMcYGtJM20vR0UvEn2NBzhgpCNkI3P3fSRIXUuF\nY5BDWLsWe4lHadg7vf250ooXGqsYZrOWPLfnLMvmrw0IVIj8lyR1KrqpAoGBAJLL\nx/cywppCEnh+vSTPPJzBs/i5NQpgiH0MMdxxX84jIHSUcloubRBGpQQi5jjtIiiH\nNZFWc52IqrgtYhfB1SRGXmyEmgiZSvr72huo2L+yt9ORscE4PKM14qxlUp0Xicf5\ngUC1iGfXhq5CtpKzV1SGebfMjsoVDItMCfHhTt/9AoGAP+aPxNmFUX/1vXaZluKX\nq1dmbzOCfLVAEmcj+bNjCr0I4PeWmsl/KSYR1TkexuialmHeuZ5hHqrrPABDNZ9R\nxo/JlYuutXp5DMIPWI1z7KuGPKoek+a/8S6T96T3PqMOy58r1x0jE6R3zHFu4Ll/\nmM19YFE4Nc2G+11RX2+nFKs=\n-----END PRIVATE KEY-----\n","clientEmail":"firebase-adminsdk-bn2gp@repurpose-e523f.iam.gserviceaccount.com","httpClient":{"retry":{"maxRetries":4,"statusCodes":[503],"ioErrorCodes":["ECONNRESET","ETIMEDOUT"],"backOffFactor":0.5,"maxDelayInMillis":60000}}},"databaseURL":"https://repurpose-e523f.firebaseio.com"}
[debug] [2020-06-15T20:34:10.424Z] [functions[app]] http function initialized (http://localhost:5000/repurpose-e523f/us-central1/app).
[info] i  functions: Loaded functions: app 
[warn] ⚠  functions: The following emulators are not running, calls to these services will affect production: firestore, database, pubsub 
[debug] [2020-06-15T20:34:10.428Z] DEBUG: [worker-~diagnostic~-35449ff9-ee51-414e-8ba7-acecb43436b2]: IDLE
[info] >  Node server listening on port 4242! {"user":"Node server listening on port 4242!","metadata":{"emulator":{"name":"functions"},"message":"\u001b[90m> \u001b[39m Node server listening on port 4242!"}}
[info] >  andrewtateyoung@gmail.com {"user":"andrewtateyoung@gmail.com","metadata":{"emulator":{"name":"functions"},"message":"\u001b[90m> \u001b[39m andrewtateyoung@gmail.com"}}
[info] >  We'll see you at 9:00 AM on 6-17-2020! {"user":"We'll see you at 9:00 AM on 6-17-2020!","metadata":{"emulator":{"name":"functions"},"message":"\u001b[90m> \u001b[39m We'll see you at 9:00 AM on 6-17-2020!"}}
[info] >   {"user":"","metadata":{"emulator":{"name":"functions"},"message":"\u001b[90m> \u001b[39m "}}
[info] >  Call 903-203-1286 if you have any problems or concerns. {"user":"Call 903-203-1286 if you have any problems or concerns.","metadata":{"emulator":{"name":"functions"},"message":"\u001b[90m> \u001b[39m Call 903-203-1286 if you have any problems or concerns."}}
[info] >  andrew@collection.deals {"user":"andrew@collection.deals","metadata":{"emulator":{"name":"functions"},"message":"\u001b[90m> \u001b[39m andrew@collection.deals"}}
[info] >  We'll see you at 9:00 AM on 6-17-2020! {"user":"We'll see you at 9:00 AM on 6-17-2020!","metadata":{"emulator":{"name":"functions"},"message":"\u001b[90m> \u001b[39m We'll see you at 9:00 AM on 6-17-2020!"}}
[info] >   {"user":"","metadata":{"emulator":{"name":"functions"},"message":"\u001b[90m> \u001b[39m "}}
[info] >  Call 903-203-1286 if you have any problems or concerns. {"user":"Call 903-203-1286 if you have any problems or concerns.","metadata":{"emulator":{"name":"functions"},"message":"\u001b[90m> \u001b[39m Call 903-203-1286 if you have any problems or concerns."}}
[info] >  Email sent: 250 2.0.0 OK  1592260007 k11sm3667673ood.4 - gsmtp {"user":"Email sent: 250 2.0.0 OK  1592260007 k11sm3667673ood.4 - gsmtp","metadata":{"emulator":{"name":"functions"},"message":"\u001b[90m> \u001b[39m Email sent: 250 2.0.0 OK  1592260007 k11sm3667673ood.4 - gsmtp"}}
[info] >  Email sent: 250 2.0.0 OK  1592260007 s2sm1717137oou.3 - gsmtp {"user":"Email sent: 250 2.0.0 OK  1592260007 s2sm1717137oou.3 - gsmtp","metadata":{"emulator":{"name":"functions"},"message":"\u001b[90m> \u001b[39m Email sent: 250 2.0.0 OK  1592260007 s2sm1717137oou.3 - gsmtp"}}
